[debug] [2022-01-22T10:19:23.926Z] ----------------------------------------------------------------------
[debug] [2022-01-22T10:19:23.927Z] Command:       C:\Program Files\nodejs\node.exe C:\Users\sever\Desktop\Programing files\registration_4_course_pet_proj_final_edition\node_modules\firebase-tools\lib\bin\firebase.js login
[debug] [2022-01-22T10:19:23.928Z] CLI Version:   10.1.2
[debug] [2022-01-22T10:19:23.928Z] Platform:      win32
[debug] [2022-01-22T10:19:23.928Z] Node Version:  v16.13.2
[debug] [2022-01-22T10:19:23.929Z] Time:          Sat Jan 22 2022 12:19:23 GMT+0200 (за східноєвропейським стандартним часом)
[debug] [2022-01-22T10:19:23.929Z] ----------------------------------------------------------------------
[debug] 
[debug] [2022-01-22T10:19:23.931Z] >>> [apiv2][query] GET https://firebase-public.firebaseio.com/cli.json [none]
[info] i  Firebase optionally collects CLI usage and error reporting information to help improve our products. Data is collected in accordance with Google's privacy policy (https://policies.google.com/privacy) and is not used to identify you.
 
[debug] [2022-01-22T10:19:24.467Z] <<< [apiv2][status] GET https://firebase-public.firebaseio.com/cli.json 200
[debug] [2022-01-22T10:19:24.469Z] <<< [apiv2][body] GET https://firebase-public.firebaseio.com/cli.json {"cloudBuildErrorAfter":1594252800000,"cloudBuildWarnAfter":1590019200000,"defaultNode10After":1594252800000,"minVersion":"3.0.5","node8DeploysDisabledAfter":1613390400000,"node8RuntimeDisabledAfter":1615809600000,"node8WarnAfter":1600128000000}
[info] i  To change your data collection preference at any time, run `firebase logout` and log in again. 
[info] 
[info] Visit this URL on this device to log in:
[info] https://accounts.google.com/o/oauth2/auth?client_id=563584335869-fgrhgmd47bqnekij5i8b5pr03ho849e6.apps.googleusercontent.com&scope=email%20openid%20https%3A%2F%2Fwww.googleapis.com%2Fauth%2Fcloudplatformprojects.readonly%20https%3A%2F%2Fwww.googleapis.com%2Fauth%2Ffirebase%20https%3A%2F%2Fwww.googleapis.com%2Fauth%2Fcloud-platform&response_type=code&state=698653415&redirect_uri=http%3A%2F%2Flocalhost%3A9005
[info] 
[info] Waiting for authentication...
[info] 
[info] Visit this URL on any device to log in:
[info] https://accounts.google.com/o/oauth2/auth?client_id=563584335869-fgrhgmd47bqnekij5i8b5pr03ho849e6.apps.googleusercontent.com&scope=email%20openid%20https%3A%2F%2Fwww.googleapis.com%2Fauth%2Fcloudplatformprojects.readonly%20https%3A%2F%2Fwww.googleapis.com%2Fauth%2Ffirebase%20https%3A%2F%2Fwww.googleapis.com%2Fauth%2Fcloud-platform&response_type=code&state=698653415&redirect_uri=urn%3Aietf%3Awg%3Aoauth%3A2.0%3Aoob
[info] 
